<?xml version="1.0" encoding="UTF-8"?>
<testng-results ignored="0" total="17" passed="17" failed="0" skipped="0">
  <reporter-output>
  </reporter-output>
  <suite started-at="2023-11-10T18:48:19 GET" name="PetSuite" finished-at="2023-11-10T18:48:38 GET" duration-ms="19236">
    <groups>
    </groups>
    <test started-at="2023-11-10T18:48:19 GET" name="PetSuite" finished-at="2023-11-10T18:48:38 GET" duration-ms="19236">
      <class name="api.test.UserTests2">
        <test-method is-config="true" signature="setup()[pri:0, instance:api.test.UserTests2@15eb5ee5]" started-at="2023-11-10T18:48:35 GET" name="setup" finished-at="2023-11-10T18:48:35 GET" duration-ms="39" status="PASS">
          <reporter-output>
          </reporter-output>
        </test-method> <!-- setup -->
        <test-method signature="testPostUser()[pri:1, instance:api.test.UserTests2@15eb5ee5]" started-at="2023-11-10T18:48:35 GET" name="testPostUser" finished-at="2023-11-10T18:48:35 GET" duration-ms="931" status="PASS">
          <reporter-output>
          </reporter-output>
        </test-method> <!-- testPostUser -->
        <test-method signature="testUserByName()[pri:2, instance:api.test.UserTests2@15eb5ee5]" started-at="2023-11-10T18:48:35 GET" name="testUserByName" finished-at="2023-11-10T18:48:36 GET" duration-ms="788" status="PASS">
          <reporter-output>
          </reporter-output>
        </test-method> <!-- testUserByName -->
        <test-method signature="testUpdateUserByName()[pri:3, instance:api.test.UserTests2@15eb5ee5]" started-at="2023-11-10T18:48:36 GET" name="testUpdateUserByName" finished-at="2023-11-10T18:48:37 GET" duration-ms="807" status="PASS">
          <reporter-output>
          </reporter-output>
        </test-method> <!-- testUpdateUserByName -->
        <test-method signature="testDeleteUserByName()[pri:4, instance:api.test.UserTests2@15eb5ee5]" started-at="2023-11-10T18:48:37 GET" name="testDeleteUserByName" finished-at="2023-11-10T18:48:38 GET" duration-ms="788" status="PASS">
          <reporter-output>
          </reporter-output>
        </test-method> <!-- testDeleteUserByName -->
      </class> <!-- api.test.UserTests2 -->
      <class name="api.test.UserTests">
        <test-method is-config="true" signature="setup()[pri:0, instance:api.test.UserTests@4f209819]" started-at="2023-11-10T18:48:31 GET" name="setup" finished-at="2023-11-10T18:48:31 GET" duration-ms="215" status="PASS">
          <reporter-output>
          </reporter-output>
        </test-method> <!-- setup -->
        <test-method signature="testPostUser()[pri:1, instance:api.test.UserTests@4f209819]" started-at="2023-11-10T18:48:31 GET" name="testPostUser" finished-at="2023-11-10T18:48:32 GET" duration-ms="770" status="PASS">
          <reporter-output>
          </reporter-output>
        </test-method> <!-- testPostUser -->
        <test-method signature="testUserByName()[pri:2, instance:api.test.UserTests@4f209819]" started-at="2023-11-10T18:48:32 GET" name="testUserByName" finished-at="2023-11-10T18:48:33 GET" duration-ms="760" status="PASS">
          <reporter-output>
          </reporter-output>
        </test-method> <!-- testUserByName -->
        <test-method signature="testUpdateUserByName()[pri:3, instance:api.test.UserTests@4f209819]" started-at="2023-11-10T18:48:33 GET" name="testUpdateUserByName" finished-at="2023-11-10T18:48:34 GET" duration-ms="762" status="PASS">
          <reporter-output>
          </reporter-output>
        </test-method> <!-- testUpdateUserByName -->
        <test-method signature="testDeleteUserByName()[pri:4, instance:api.test.UserTests@4f209819]" started-at="2023-11-10T18:48:34 GET" name="testDeleteUserByName" finished-at="2023-11-10T18:48:35 GET" duration-ms="786" status="PASS">
          <reporter-output>
          </reporter-output>
        </test-method> <!-- testDeleteUserByName -->
      </class> <!-- api.test.UserTests -->
      <class name="api.test.DDTest">
        <test-method signature="testPostUser(java.lang.String,java.lang.String,java.lang.String,java.lang.String,java.lang.String,java.lang.String,java.lang.String)[pri:1, instance:api.test.DDTest@3e92efc3]" started-at="2023-11-10T18:48:21 GET" name="testPostUser" data-provider="Data" finished-at="2023-11-10T18:48:24 GET" duration-ms="3288" status="PASS">
          <params>
            <param index="0">
              <value>
                <![CDATA[1010]]>
              </value>
            </param>
            <param index="1">
              <value>
                <![CDATA[testuser1]]>
              </value>
            </param>
            <param index="2">
              <value>
                <![CDATA[John]]>
              </value>
            </param>
            <param index="3">
              <value>
                <![CDATA[Canedy]]>
              </value>
            </param>
            <param index="4">
              <value>
                <![CDATA[a@gmail.com]]>
              </value>
            </param>
            <param index="5">
              <value>
                <![CDATA[1456]]>
              </value>
            </param>
            <param index="6">
              <value>
                <![CDATA[123456798]]>
              </value>
            </param>
          </params>
          <reporter-output>
          </reporter-output>
        </test-method> <!-- testPostUser -->
        <test-method signature="testPostUser(java.lang.String,java.lang.String,java.lang.String,java.lang.String,java.lang.String,java.lang.String,java.lang.String)[pri:1, instance:api.test.DDTest@3e92efc3]" started-at="2023-11-10T18:48:24 GET" name="testPostUser" data-provider="Data" finished-at="2023-11-10T18:48:25 GET" duration-ms="818" status="PASS">
          <params>
            <param index="0">
              <value>
                <![CDATA[1020]]>
              </value>
            </param>
            <param index="1">
              <value>
                <![CDATA[testuser2]]>
              </value>
            </param>
            <param index="2">
              <value>
                <![CDATA[Kom]]>
              </value>
            </param>
            <param index="3">
              <value>
                <![CDATA[Kim]]>
              </value>
            </param>
            <param index="4">
              <value>
                <![CDATA[b@gmail.com]]>
              </value>
            </param>
            <param index="5">
              <value>
                <![CDATA[545]]>
              </value>
            </param>
            <param index="6">
              <value>
                <![CDATA[123465798]]>
              </value>
            </param>
          </params>
          <reporter-output>
          </reporter-output>
        </test-method> <!-- testPostUser -->
        <test-method signature="testPostUser(java.lang.String,java.lang.String,java.lang.String,java.lang.String,java.lang.String,java.lang.String,java.lang.String)[pri:1, instance:api.test.DDTest@3e92efc3]" started-at="2023-11-10T18:48:25 GET" name="testPostUser" data-provider="Data" finished-at="2023-11-10T18:48:26 GET" duration-ms="813" status="PASS">
          <params>
            <param index="0">
              <value>
                <![CDATA[1030]]>
              </value>
            </param>
            <param index="1">
              <value>
                <![CDATA[testuser3]]>
              </value>
            </param>
            <param index="2">
              <value>
                <![CDATA[Smith]]>
              </value>
            </param>
            <param index="3">
              <value>
                <![CDATA[Steve]]>
              </value>
            </param>
            <param index="4">
              <value>
                <![CDATA[c@gmail.com]]>
              </value>
            </param>
            <param index="5">
              <value>
                <![CDATA[741]]>
              </value>
            </param>
            <param index="6">
              <value>
                <![CDATA[123456987]]>
              </value>
            </param>
          </params>
          <reporter-output>
          </reporter-output>
        </test-method> <!-- testPostUser -->
        <test-method signature="testUserByName(java.lang.String)[pri:2, instance:api.test.DDTest@3e92efc3]" started-at="2023-11-10T18:48:26 GET" name="testUserByName" data-provider="UserNames" finished-at="2023-11-10T18:48:27 GET" duration-ms="817" status="PASS">
          <params>
            <param index="0">
              <value>
                <![CDATA[testuser1]]>
              </value>
            </param>
          </params>
          <reporter-output>
          </reporter-output>
        </test-method> <!-- testUserByName -->
        <test-method signature="testUserByName(java.lang.String)[pri:2, instance:api.test.DDTest@3e92efc3]" started-at="2023-11-10T18:48:27 GET" name="testUserByName" data-provider="UserNames" finished-at="2023-11-10T18:48:28 GET" duration-ms="800" status="PASS">
          <params>
            <param index="0">
              <value>
                <![CDATA[testuser2]]>
              </value>
            </param>
          </params>
          <reporter-output>
          </reporter-output>
        </test-method> <!-- testUserByName -->
        <test-method signature="testUserByName(java.lang.String)[pri:2, instance:api.test.DDTest@3e92efc3]" started-at="2023-11-10T18:48:28 GET" name="testUserByName" data-provider="UserNames" finished-at="2023-11-10T18:48:29 GET" duration-ms="894" status="PASS">
          <params>
            <param index="0">
              <value>
                <![CDATA[testuser3]]>
              </value>
            </param>
          </params>
          <reporter-output>
          </reporter-output>
        </test-method> <!-- testUserByName -->
        <test-method signature="testDeleteUserByName(java.lang.String)[pri:4, instance:api.test.DDTest@3e92efc3]" started-at="2023-11-10T18:48:29 GET" name="testDeleteUserByName" data-provider="UserNames" finished-at="2023-11-10T18:48:30 GET" duration-ms="846" status="PASS">
          <params>
            <param index="0">
              <value>
                <![CDATA[testuser1]]>
              </value>
            </param>
          </params>
          <reporter-output>
          </reporter-output>
        </test-method> <!-- testDeleteUserByName -->
        <test-method signature="testDeleteUserByName(java.lang.String)[pri:4, instance:api.test.DDTest@3e92efc3]" started-at="2023-11-10T18:48:30 GET" name="testDeleteUserByName" data-provider="UserNames" finished-at="2023-11-10T18:48:30 GET" duration-ms="909" status="PASS">
          <params>
            <param index="0">
              <value>
                <![CDATA[testuser2]]>
              </value>
            </param>
          </params>
          <reporter-output>
          </reporter-output>
        </test-method> <!-- testDeleteUserByName -->
        <test-method signature="testDeleteUserByName(java.lang.String)[pri:4, instance:api.test.DDTest@3e92efc3]" started-at="2023-11-10T18:48:30 GET" name="testDeleteUserByName" data-provider="UserNames" finished-at="2023-11-10T18:48:31 GET" duration-ms="791" status="PASS">
          <params>
            <param index="0">
              <value>
                <![CDATA[testuser3]]>
              </value>
            </param>
          </params>
          <reporter-output>
          </reporter-output>
        </test-method> <!-- testDeleteUserByName -->
      </class> <!-- api.test.DDTest -->
    </test> <!-- PetSuite -->
  </suite> <!-- PetSuite -->
</testng-results>
