<?xml version="1.0" encoding="UTF-8"?>
<testsuite xmlns:xsi="http://www.w3.org/2001/XMLSchema-instance" xsi:noNamespaceSchemaLocation="https://maven.apache.org/surefire/maven-surefire-plugin/xsd/surefire-test-report-3.0.xsd" version="3.0" name="TestSuite" time="20.32" tests="17" errors="0" skipped="0" failures="0">
  <properties>
[...]
</properties>
  <testcase name="testPostUser[1010, testuser1, John, Canedy, a@gmail.com, 1456, 123456798](1)" classname="api.test.DDTest" time="3.298">
    <system-out><![CDATA[HTTP/1.1 200 OK
Date: Fri, 10 Nov 2023 14:48:24 GMT
Content-Type: application/json
Transfer-Encoding: chunked
Connection: keep-alive
Access-Control-Allow-Origin: *
Access-Control-Allow-Methods: GET, POST, DELETE, PUT
Access-Control-Allow-Headers: Content-Type, api_key, Authorization
Server: Jetty(9.2.9.v20150224)

{
    "code": 200,
    "type": "unknown",
    "message": "1010"
}
]]></system-out>
    <system-err><![CDATA[SLF4J: Failed to load class "org.slf4j.impl.StaticLoggerBinder".
SLF4J: Defaulting to no-operation (NOP) logger implementation
SLF4J: See http://www.slf4j.org/codes.html#StaticLoggerBinder for further details.
]]></system-err>
  </testcase>
  <testcase name="testPostUser[1020, testuser2, Kom, Kim, b@gmail.com, 545, 123465798](2)" classname="api.test.DDTest" time="0.833">
    <system-out><![CDATA[HTTP/1.1 200 OK
Date: Fri, 10 Nov 2023 14:48:25 GMT
Content-Type: application/json
Transfer-Encoding: chunked
Connection: keep-alive
Access-Control-Allow-Origin: *
Access-Control-Allow-Methods: GET, POST, DELETE, PUT
Access-Control-Allow-Headers: Content-Type, api_key, Authorization
Server: Jetty(9.2.9.v20150224)

{
    "code": 200,
    "type": "unknown",
    "message": "1020"
}
]]></system-out>
  </testcase>
  <testcase name="testPostUser[1030, testuser3, Smith, Steve, c@gmail.com, 741, 123456987](3)" classname="api.test.DDTest" time="0.808">
    <system-out><![CDATA[HTTP/1.1 200 OK
Date: Fri, 10 Nov 2023 14:48:26 GMT
Content-Type: application/json
Transfer-Encoding: chunked
Connection: keep-alive
Access-Control-Allow-Origin: *
Access-Control-Allow-Methods: GET, POST, DELETE, PUT
Access-Control-Allow-Headers: Content-Type, api_key, Authorization
Server: Jetty(9.2.9.v20150224)

{
    "code": 200,
    "type": "unknown",
    "message": "1030"
}
]]></system-out>
  </testcase>
  <testcase name="testUserByName[testuser1](1)" classname="api.test.DDTest" time="0.835">
    <system-out><![CDATA[HTTP/1.1 200 OK
Date: Fri, 10 Nov 2023 14:48:27 GMT
Content-Type: application/json
Transfer-Encoding: chunked
Connection: keep-alive
Access-Control-Allow-Origin: *
Access-Control-Allow-Methods: GET, POST, DELETE, PUT
Access-Control-Allow-Headers: Content-Type, api_key, Authorization
Server: Jetty(9.2.9.v20150224)

{
    "id": 1010,
    "username": "testuser1",
    "firstName": "John",
    "lastName": "Canedy",
    "email": "a@gmail.com",
    "password": "1456",
    "phone": "123456798",
    "userStatus": 0
}
]]></system-out>
  </testcase>
  <testcase name="testUserByName[testuser2](2)" classname="api.test.DDTest" time="0.787">
    <system-out><![CDATA[HTTP/1.1 200 OK
Date: Fri, 10 Nov 2023 14:48:27 GMT
Content-Type: application/json
Transfer-Encoding: chunked
Connection: keep-alive
Access-Control-Allow-Origin: *
Access-Control-Allow-Methods: GET, POST, DELETE, PUT
Access-Control-Allow-Headers: Content-Type, api_key, Authorization
Server: Jetty(9.2.9.v20150224)

{
    "id": 1020,
    "username": "testuser2",
    "firstName": "Kom",
    "lastName": "Kim",
    "email": "b@gmail.com",
    "password": "545",
    "phone": "123465798",
    "userStatus": 0
}
]]></system-out>
  </testcase>
  <testcase name="testUserByName[testuser3](3)" classname="api.test.DDTest" time="0.9">
    <system-out><![CDATA[HTTP/1.1 200 OK
Date: Fri, 10 Nov 2023 14:48:28 GMT
Content-Type: application/json
Transfer-Encoding: chunked
Connection: keep-alive
Access-Control-Allow-Origin: *
Access-Control-Allow-Methods: GET, POST, DELETE, PUT
Access-Control-Allow-Headers: Content-Type, api_key, Authorization
Server: Jetty(9.2.9.v20150224)

{
    "id": 1030,
    "username": "testuser3",
    "firstName": "Smith",
    "lastName": "Steve",
    "email": "c@gmail.com",
    "password": "741",
    "phone": "123456987",
    "userStatus": 0
}
]]></system-out>
  </testcase>
  <testcase name="testDeleteUserByName[testuser1](1)" classname="api.test.DDTest" time="0.858">
    <system-out><![CDATA[HTTP/1.1 200 OK
Date: Fri, 10 Nov 2023 14:48:29 GMT
Content-Type: application/json
Transfer-Encoding: chunked
Connection: keep-alive
Access-Control-Allow-Origin: *
Access-Control-Allow-Methods: GET, POST, DELETE, PUT
Access-Control-Allow-Headers: Content-Type, api_key, Authorization
Server: Jetty(9.2.9.v20150224)

{
    "code": 200,
    "type": "unknown",
    "message": "testuser1"
}
]]></system-out>
  </testcase>
  <testcase name="testDeleteUserByName[testuser2](2)" classname="api.test.DDTest" time="0.912">
    <system-out><![CDATA[HTTP/1.1 200 OK
Date: Fri, 10 Nov 2023 14:48:30 GMT
Content-Type: application/json
Transfer-Encoding: chunked
Connection: keep-alive
Access-Control-Allow-Origin: *
Access-Control-Allow-Methods: GET, POST, DELETE, PUT
Access-Control-Allow-Headers: Content-Type, api_key, Authorization
Server: Jetty(9.2.9.v20150224)

{
    "code": 200,
    "type": "unknown",
    "message": "testuser2"
}
]]></system-out>
  </testcase>
  <testcase name="testDeleteUserByName[testuser3](3)" classname="api.test.DDTest" time="0.789">
    <system-out><![CDATA[HTTP/1.1 200 OK
Date: Fri, 10 Nov 2023 14:48:31 GMT
Content-Type: application/json
Transfer-Encoding: chunked
Connection: keep-alive
Access-Control-Allow-Origin: *
Access-Control-Allow-Methods: GET, POST, DELETE, PUT
Access-Control-Allow-Headers: Content-Type, api_key, Authorization
Server: Jetty(9.2.9.v20150224)

{
    "code": 200,
    "type": "unknown",
    "message": "testuser3"
}
]]></system-out>
  </testcase>
  <testcase name="testPostUser" classname="api.test.UserTests" time="0.787">
    <system-out><![CDATA[HTTP/1.1 200 OK
Date: Fri, 10 Nov 2023 14:48:32 GMT
Content-Type: application/json
Transfer-Encoding: chunked
Connection: keep-alive
Access-Control-Allow-Origin: *
Access-Control-Allow-Methods: GET, POST, DELETE, PUT
Access-Control-Allow-Headers: Content-Type, api_key, Authorization
Server: Jetty(9.2.9.v20150224)

{
    "code": 200,
    "type": "unknown",
    "message": "128654041"
}
]]></system-out>
  </testcase>
  <testcase name="testUserByName" classname="api.test.UserTests" time="0.756">
    <system-out><![CDATA[HTTP/1.1 200 OK
Date: Fri, 10 Nov 2023 14:48:33 GMT
Content-Type: application/json
Transfer-Encoding: chunked
Connection: keep-alive
Access-Control-Allow-Origin: *
Access-Control-Allow-Methods: GET, POST, DELETE, PUT
Access-Control-Allow-Headers: Content-Type, api_key, Authorization
Server: Jetty(9.2.9.v20150224)

{
    "id": 128654041,
    "username": "cory.jaskolski",
    "firstName": "Tristan",
    "lastName": "Lindgren",
    "email": "leonel.schultz@example.com",
    "password": "ytv64",
    "phone": "(981) 918-4397",
    "userStatus": 0
}
]]></system-out>
  </testcase>
  <testcase name="testUpdateUserByName" classname="api.test.UserTests" time="0.762">
    <system-out><![CDATA[HTTP/1.1 200 OK
Date: Fri, 10 Nov 2023 14:48:33 GMT
Content-Type: application/json
Transfer-Encoding: chunked
Connection: keep-alive
Access-Control-Allow-Origin: *
Access-Control-Allow-Methods: GET, POST, DELETE, PUT
Access-Control-Allow-Headers: Content-Type, api_key, Authorization
Server: Jetty(9.2.9.v20150224)

{
    "code": 200,
    "type": "unknown",
    "message": "128654041"
}
]]></system-out>
  </testcase>
  <testcase name="testDeleteUserByName" classname="api.test.UserTests" time="0.784">
    <system-out><![CDATA[HTTP/1.1 200 OK
Date: Fri, 10 Nov 2023 14:48:34 GMT
Content-Type: application/json
Transfer-Encoding: chunked
Connection: keep-alive
Access-Control-Allow-Origin: *
Access-Control-Allow-Methods: GET, POST, DELETE, PUT
Access-Control-Allow-Headers: Content-Type, api_key, Authorization
Server: Jetty(9.2.9.v20150224)

{
    "code": 200,
    "type": "unknown",
    "message": "cory.jaskolski"
}
]]></system-out>
  </testcase>
  <testcase name="testPostUser" classname="api.test.UserTests2" time="0.941">
    <system-out><![CDATA[HTTP/1.1 200 OK
Date: Fri, 10 Nov 2023 14:48:35 GMT
Content-Type: application/json
Transfer-Encoding: chunked
Connection: keep-alive
Access-Control-Allow-Origin: *
Access-Control-Allow-Methods: GET, POST, DELETE, PUT
Access-Control-Allow-Headers: Content-Type, api_key, Authorization
Server: Jetty(9.2.9.v20150224)

{
    "code": 200,
    "type": "unknown",
    "message": "1380177712"
}
]]></system-out>
  </testcase>
  <testcase name="testUserByName" classname="api.test.UserTests2" time="0.795">
    <system-out><![CDATA[HTTP/1.1 200 OK
Date: Fri, 10 Nov 2023 14:48:36 GMT
Content-Type: application/json
Transfer-Encoding: chunked
Connection: keep-alive
Access-Control-Allow-Origin: *
Access-Control-Allow-Methods: GET, POST, DELETE, PUT
Access-Control-Allow-Headers: Content-Type, api_key, Authorization
Server: Jetty(9.2.9.v20150224)

{
    "id": 1380177712,
    "username": "cecil.green",
    "firstName": "Jude",
    "lastName": "Greenholt",
    "email": "tawanda.nitzsche@example.com",
    "password": "vm2ltmbk",
    "phone": "630-743-7081",
    "userStatus": 0
}
]]></system-out>
  </testcase>
  <testcase name="testUpdateUserByName" classname="api.test.UserTests2" time="0.81">
    <system-out><![CDATA[HTTP/1.1 200 OK
Date: Fri, 10 Nov 2023 14:48:37 GMT
Content-Type: application/json
Transfer-Encoding: chunked
Connection: keep-alive
Access-Control-Allow-Origin: *
Access-Control-Allow-Methods: GET, POST, DELETE, PUT
Access-Control-Allow-Headers: Content-Type, api_key, Authorization
Server: Jetty(9.2.9.v20150224)

{
    "code": 200,
    "type": "unknown",
    "message": "1380177712"
}
]]></system-out>
  </testcase>
  <testcase name="testDeleteUserByName" classname="api.test.UserTests2" time="0.777">
    <system-out><![CDATA[HTTP/1.1 200 OK
Date: Fri, 10 Nov 2023 14:48:38 GMT
Content-Type: application/json
Transfer-Encoding: chunked
Connection: keep-alive
Access-Control-Allow-Origin: *
Access-Control-Allow-Methods: GET, POST, DELETE, PUT
Access-Control-Allow-Headers: Content-Type, api_key, Authorization
Server: Jetty(9.2.9.v20150224)

{
    "code": 200,
    "type": "unknown",
    "message": "cecil.green"
}
]]></system-out>
  </testcase>
</testsuite>