<?xml version="1.0" encoding="UTF-8"?>
<!-- Generated by org.testng.reporters.JUnitXMLReporter -->
<testsuite ignored="0" hostname="DESKTOP-P4BNBKS" failures="0" tests="17" name="PetSuite" time="19.236" errors="0" timestamp="2023-11-10T18:48:38 GET">
  <testcase classname="api.test.DDTest" name="testPostUser" time="3.288"/>
  <testcase classname="api.test.DDTest" name="testPostUser" time="0.818"/>
  <testcase classname="api.test.DDTest" name="testPostUser" time="0.813"/>
  <testcase classname="api.test.DDTest" name="testUserByName" time="0.817"/>
  <testcase classname="api.test.DDTest" name="testUserByName" time="0.8"/>
  <testcase classname="api.test.DDTest" name="testUserByName" time="0.894"/>
  <testcase classname="api.test.DDTest" name="testDeleteUserByName" time="0.846"/>
  <testcase classname="api.test.DDTest" name="testDeleteUserByName" time="0.909"/>
  <testcase classname="api.test.DDTest" name="testDeleteUserByName" time="0.791"/>
  <testcase classname="api.test.UserTests" name="testPostUser" time="0.77"/>
  <testcase classname="api.test.UserTests" name="testUserByName" time="0.76"/>
  <testcase classname="api.test.UserTests" name="testUpdateUserByName" time="0.762"/>
  <testcase classname="api.test.UserTests" name="testDeleteUserByName" time="0.786"/>
  <testcase classname="api.test.UserTests2" name="testPostUser" time="0.931"/>
  <testcase classname="api.test.UserTests2" name="testUserByName" time="0.788"/>
  <testcase classname="api.test.UserTests2" name="testUpdateUserByName" time="0.807"/>
  <testcase classname="api.test.UserTests2" name="testDeleteUserByName" time="0.788"/>
</testsuite> <!-- PetSuite -->
